Arguments: 
  C:\Program Files (x86)\nodejs\node.exe C:\Users\Green\AppData\Roaming\npm\node_modules\yarn\bin\yarn.js

PATH: 
  C:\Users\Green\cmder\bin;C:\Users\Green\cmder\vendor\conemu-maximus5\ConEmu\Scripts;C:\Users\Green\cmder\vendor\conemu-maximus5;C:\Users\Green\cmder\vendor\conemu-maximus5\ConEmu;C:\Ruby24-x64\bin;C:\ProgramData\Oracle\Java\javapath;C:\Ruby23-x64\bin;C:\Program Files (x86)\AMD APP\bin\x86_64;C:\Program Files (x86)\AMD APP\bin\x86;C:\Windows\system32;C:\Windows;C:\Windows\System32\Wbem;C:\Windows\System32\WindowsPowerShell\v1.0\;C:\Program Files (x86)\Common Files\Roxio Shared\DLLShared\;C:\Program Files (x86)\Common Files\Roxio Shared\DLLShared\;C:\Program Files (x86)\Common Files\Roxio Shared\12.0\DLLShared\;C:\Program Files (x86)\Common Files\Acronis\SnapAPI\;C:\Program Files (x86)\Heroku\bin;C:\Program Files (x86)\git\cmd;C:\Program Files (x86)\Skype\Phone\;C:\Program Files\Git\cmd;C:\HashiCorp\Vagrant\bin;C:\Program Files (x86)\NVIDIA Corporation\PhysX\Common;C:\Program Files (x86)\ATI Technologies\ATI.ACE\Core-Static;C:\Program Files\PostgreSQL\9.5\bin;C:\Program Files\PostgreSQL\9.5\bin/psql.exe;C:\Program Files\PostgreSQL\9.5\lib;C:\Program Files\Postgresql\9.5\bin;C:\Program Files\Postgresql\9.5\lib;C:\ProgramData\chocolatey\bin;C:\Program Files (x86)\nodejs\;C:\Program Files (x86)\Windows Kits\8.1\Windows Performance Toolkit\;C:\Windows\System32\WindowsPowerShell\v1.0\;C:\Users\Green\scoop\shims;C:\Users\Green\AppData\Local\Programs\Python\Python36\Scripts\;C:\Users\Green\AppData\Local\Programs\Python\Python36\;C:\Users\Green\AppData\Local\atom\bin;C:\Users\Green\.babun;C:\Program Files\PostgreSQL\pg95\bin;C:\Program Files\PostgreSQL\pg95\lib;C:\Program Files (x86)\Microsoft VS Code\bin;C:\Users\Green\AppData\Roaming\npm;C:\Program Files\Git\usr\bin;C:\Program Files\Git\usr\share\vim\vim74;C:\Users\Green\cmder\

Yarn version: 
  1.2.0

Node version: 
  8.5.0

Platform: 
  win32 x64

npm manifest: 
  {
    "name": "static-website",
    "version": "2.0.0",
    "description": "Charlotte Junior Devs Website",
    "main": "gulpfile.js",
    "scripts": {
      "start": "gulp",
    },
    "repository": {
      "type": "git",
      "url": "git+https://github.com/cltdevs/static-website"
    },
    "keywords": ["Charlotte", "Junior Developers", "Developers", "CLT Devs"],
    "author": "Carlos Medina <carlos.w.med@gmail.com> (http://carlos-medina.me)",
    "license": "MIT",
    "bugs": {
      "url": "https://github.com/cltdevs/static-website/issues"
    },
    "homepage": "https://github.com/cltdevs/static-website#readme",
    "devDependencies": {
      "babel-core": "^6.26.0",
      "babel-preset-env": "^1.6.0",
      "browser-sync": "^2.18.13",
      "gulp": "^3.9.1",
      "gulp-autoprefixer": "^4.0.0",
      "gulp-babel": "^7.0.0",
      "gulp-plumber": "^1.1.0",
      "gulp-sass": "^3.1.0"
    }
  }

yarn manifest: 
  No manifest

Lockfile: 
  No lockfile

Trace: 
  SyntaxError: C:\Users\Green\Work\cjd-projects\static-website\package.json: Unexpected token } in JSON at position 165
      at JSON.parse (<anonymous>)
      at C:\Users\Green\AppData\Roaming\npm\node_modules\yarn\lib\cli.js:770:59
      at Generator.next (<anonymous>)
      at step (C:\Users\Green\AppData\Roaming\npm\node_modules\yarn\lib\cli.js:92:30)
      at C:\Users\Green\AppData\Roaming\npm\node_modules\yarn\lib\cli.js:103:13
      at <anonymous>
